<?xml version="1.0" encoding="UTF-8"?>
<!-- Generated by org.testng.reporters.JUnitReportReporter -->
<testsuite hostname="DESKTOP-5IO05LM" failures="0" tests="4" name="Testng.test1" time="0.011" errors="0" timestamp="2021-03-20T15:21:13 IST" skipped="1">
  <testcase classname="Testng.test1" name="block" time="0.001"/>
  <system-out>
block  </system-out>
  <testcase classname="Testng.test1" name="block" time="0.009"/>
  <system-out>
block  </system-out>
  <testcase classname="Testng.test1" name="calls" time="0.001"/>
  <system-out>
calls  </system-out>
  <testcase classname="Testng.test1" name="chats">
    <skipped/>
  </testcase> <!-- chats -->
  <system-out/>
</testsuite> <!-- Testng.test1 -->
