<?xml version="1.0" encoding="UTF-8"?>
<!-- Generated by org.testng.reporters.JUnitReportReporter -->
<testsuite hostname="DESKTOP-5IO05LM" failures="0" tests="1" name="Testng.test0" time="0.009" errors="0" timestamp="2021-03-20T15:09:52 IST" skipped="0">
  <testcase classname="Testng.test0" name="demo" time="0.009"/>
  <system-out>
hello  </system-out>
</testsuite> <!-- Testng.test0 -->
