<?xml version="1.0" encoding="UTF-8"?>
<!-- Generated by org.testng.reporters.JUnitReportReporter -->
<testsuite hostname="DESKTOP-5IO05LM" failures="0" tests="1" name="Testng.TestCase3" time="11.584" errors="0" timestamp="2021-03-26T21:22:18 IST" skipped="0">
  <testcase classname="Testng.TestCase3" name="getstarted" time="11.584"/>
  <system-out>
Log in to Facebook https://www.facebook.com/login/?next=https%3A%2F%2Fwww.facebook.com%2Fpages%2Fcreate%2F%3Fref_type%3Dregistration_form  </system-out>
</testsuite> <!-- Testng.TestCase3 -->
