<?xml version="1.0" encoding="UTF-8"?>
<!-- Generated by org.testng.reporters.JUnitReportReporter -->
<testsuite hostname="DESKTOP-5IO05LM" failures="0" tests="1" name="Testng.TestCase2" time="15.923" errors="0" timestamp="2021-03-26T21:22:18 IST" skipped="0">
  <testcase classname="Testng.TestCase2" name="forgotPassword" time="15.923"/>
  <system-out>
Forgotten Password | Can't Log In | Facebook  </system-out>
</testsuite> <!-- Testng.TestCase2 -->
